TN:
SF:src/server.ts
FN:5,createServer
FNF:1
FNH:1
FNDA:1,createServer
DA:1,1
DA:2,1
DA:3,1
DA:4,1
DA:5,1
DA:6,1
DA:7,1
DA:8,1
DA:9,1
DA:10,1
DA:11,1
DA:12,1
DA:13,1
DA:14,1
DA:15,1
DA:16,1
DA:17,0
DA:18,1
DA:19,1
DA:20,1
DA:21,1
LF:21
LH:20
BRDA:5,0,0,1
BRF:1
BRH:1
end_of_record
TN:
SF:src/controller/notificaton.controller.ts
FN:20,<instance_members_initializer>
FN:23,NotificationController
FN:28,subscribe
FN:43,create
FN:85,getUserNotifications
FN:128,markAsRead
FNF:6
FNH:6
FNDA:13,<instance_members_initializer>
FNDA:13,NotificationController
FNDA:1,subscribe
FNDA:6,create
FNDA:6,getUserNotifications
FNDA:6,markAsRead
DA:1,1
DA:2,1
DA:3,1
DA:4,1
DA:5,1
DA:6,1
DA:7,1
DA:8,1
DA:9,1
DA:10,1
DA:11,1
DA:12,1
DA:13,1
DA:14,1
DA:15,1
DA:16,1
DA:17,1
DA:18,1
DA:19,1
DA:20,13
DA:21,13
DA:22,13
DA:23,13
DA:24,13
DA:25,13
DA:26,13
DA:27,13
DA:28,13
DA:29,1
DA:30,1
DA:31,1
DA:32,1
DA:33,1
DA:34,0
DA:35,0
DA:36,0
DA:37,0
DA:38,0
DA:39,0
DA:40,0
DA:41,13
DA:42,13
DA:43,13
DA:44,6
DA:45,6
DA:46,6
DA:47,6
DA:48,6
DA:49,6
DA:50,6
DA:51,6
DA:52,1
DA:53,1
DA:54,1
DA:55,1
DA:56,1
DA:57,1
DA:58,1
DA:59,2
DA:60,2
DA:61,2
DA:62,2
DA:63,2
DA:64,3
DA:65,3
DA:66,3
DA:67,3
DA:68,3
DA:69,3
DA:70,3
DA:71,3
DA:72,3
DA:73,3
DA:74,0
DA:75,0
DA:76,0
DA:77,0
DA:78,3
DA:79,3
DA:80,3
DA:81,3
DA:82,3
DA:83,13
DA:84,13
DA:85,13
DA:86,6
DA:87,6
DA:88,6
DA:89,6
DA:90,6
DA:91,6
DA:92,6
DA:93,6
DA:94,6
DA:95,6
DA:96,6
DA:97,6
DA:98,6
DA:99,6
DA:100,2
DA:101,2
DA:102,2
DA:103,2
DA:104,2
DA:105,2
DA:106,2
DA:107,5
DA:108,4
DA:109,4
DA:110,3
DA:111,3
DA:112,3
DA:113,3
DA:114,3
DA:115,3
DA:116,3
DA:117,1
DA:118,1
DA:119,1
DA:120,1
DA:121,1
DA:122,1
DA:123,1
DA:124,1
DA:125,4
DA:126,13
DA:127,13
DA:128,13
DA:129,6
DA:130,6
DA:131,6
DA:132,6
DA:133,6
DA:134,6
DA:135,6
DA:136,6
DA:137,6
DA:138,6
DA:139,2
DA:140,2
DA:141,2
DA:142,2
DA:143,6
DA:144,4
DA:145,2
DA:146,2
DA:147,2
DA:148,2
DA:149,2
DA:150,2
DA:151,2
DA:152,2
DA:153,2
DA:154,2
DA:155,2
DA:156,2
DA:157,4
DA:158,4
DA:159,4
DA:160,4
DA:161,4
DA:162,13
DA:163,13
LF:163
LH:152
BRDA:20,0,0,13
BRDA:23,1,0,13
BRDA:25,2,0,1
BRDA:28,3,0,1
BRDA:33,4,0,0
BRDA:43,5,0,6
BRDA:51,6,0,1
BRDA:51,7,0,3
BRDA:51,8,0,1
BRDA:59,9,0,2
BRDA:74,10,0,0
BRDA:78,11,0,0
BRDA:69,12,0,3
BRDA:85,13,0,6
BRDA:100,14,0,5
BRDA:100,15,0,2
BRDA:107,16,0,4
BRDA:109,17,0,3
BRDA:117,18,0,1
BRDA:112,19,0,3
BRDA:128,20,0,6
BRDA:139,21,0,2
BRDA:143,22,0,4
BRDA:144,23,0,2
BRDA:157,24,0,0
BRF:25
BRH:21
end_of_record
TN:
SF:src/routes/notification.routes.ts
FNF:0
FNH:0
DA:1,1
DA:2,1
DA:3,1
DA:4,1
DA:5,1
DA:6,1
DA:7,1
DA:8,1
DA:9,1
DA:10,1
DA:11,1
DA:12,1
LF:12
LH:12
BRF:0
BRH:0
end_of_record
TN:
SF:src/services/notification.service.ts
FN:7,create
FN:28,getUserNotifications
FN:42,markAsRead
FNF:3
FNH:3
FNDA:3,create
FNDA:3,getUserNotifications
FNDA:5,markAsRead
DA:1,1
DA:2,1
DA:3,1
DA:4,1
DA:5,1
DA:6,1
DA:7,1
DA:8,3
DA:9,3
DA:10,3
DA:11,3
DA:12,3
DA:13,3
DA:14,3
DA:15,3
DA:16,3
DA:17,3
DA:18,3
DA:19,2
DA:20,2
DA:21,3
DA:22,1
DA:23,1
DA:24,3
DA:25,3
DA:26,3
DA:27,1
DA:28,1
DA:29,3
DA:30,3
DA:31,1
DA:32,1
DA:33,1
DA:34,1
DA:35,1
DA:36,2
DA:37,2
DA:38,2
DA:39,2
DA:40,2
DA:41,1
DA:42,1
DA:43,5
DA:44,5
DA:45,5
DA:46,5
DA:47,5
DA:48,5
DA:49,5
DA:50,5
DA:51,2
DA:52,2
DA:53,2
DA:54,1
LF:54
LH:54
BRDA:7,0,0,3
BRDA:18,1,0,2
BRDA:21,2,0,1
BRDA:28,3,0,3
BRDA:30,4,0,2
BRDA:30,5,0,1
BRDA:42,6,0,5
BRDA:51,7,0,2
BRF:8
BRH:8
end_of_record
TN:
SF:src/test/testUtils.ts
FN:5,getTestServer
FN:10,testRequest
FNF:2
FNH:1
FNDA:0,getTestServer
FNDA:7,testRequest
DA:1,1
DA:2,1
DA:3,1
DA:4,1
DA:5,1
DA:6,0
DA:7,0
DA:8,0
DA:9,1
DA:10,1
DA:11,7
DA:12,7
LF:12
LH:9
BRDA:10,0,0,7
BRF:1
BRH:1
end_of_record
TN:
SF:src/test/factories/notificaton.factory.ts
FN:33,createMockNotification
FN:57,createMockNotifications
FNF:2
FNH:2
FNDA:14,createMockNotification
FNDA:4,createMockNotifications
DA:1,1
DA:2,1
DA:3,1
DA:4,1
DA:5,1
DA:6,1
DA:7,1
DA:8,1
DA:9,1
DA:10,1
DA:11,1
DA:12,1
DA:13,1
DA:14,1
DA:15,1
DA:16,1
DA:17,1
DA:18,1
DA:19,1
DA:20,1
DA:21,1
DA:22,1
DA:23,1
DA:24,1
DA:25,1
DA:26,1
DA:27,1
DA:28,1
DA:29,1
DA:30,1
DA:31,1
DA:32,1
DA:33,1
DA:34,14
DA:35,14
DA:36,14
DA:37,14
DA:38,14
DA:39,14
DA:40,14
DA:41,14
DA:42,14
DA:43,14
DA:44,14
DA:45,14
DA:46,14
DA:47,14
DA:48,14
DA:49,14
DA:50,14
DA:51,14
DA:52,14
DA:53,14
DA:54,14
DA:55,14
DA:56,1
DA:57,1
DA:58,4
DA:59,4
DA:60,4
DA:61,4
DA:62,10
DA:63,10
DA:64,10
DA:65,4
DA:66,4
DA:67,4
DA:68,1
DA:69,1
LF:69
LH:69
BRDA:33,0,0,14
BRDA:57,1,0,4
BRDA:61,2,0,10
BRF:3
BRH:3
end_of_record
TN:
SF:src/utils/SSEManager.ts
FN:4,<instance_members_initializer>
FN:7,addClient
FN:22,sendNotification
FN:29,broadcastNotification
FNF:4
FNH:2
FNDA:2,<instance_members_initializer>
FNDA:0,addClient
FNDA:1,sendNotification
FNDA:0,broadcastNotification
DA:1,1
DA:2,1
DA:3,1
DA:4,2
DA:5,2
DA:6,2
DA:7,2
DA:8,0
DA:9,0
DA:10,0
DA:11,0
DA:12,0
DA:13,0
DA:14,0
DA:15,0
DA:16,0
DA:17,0
DA:18,0
DA:19,0
DA:20,0
DA:21,2
DA:22,2
DA:23,1
DA:24,1
DA:25,0
DA:26,0
DA:27,1
DA:28,2
DA:29,2
DA:30,0
DA:31,0
DA:32,0
DA:33,0
DA:34,2
DA:35,1
LF:35
LH:16
BRDA:4,0,0,2
BRDA:22,1,0,1
BRDA:24,2,0,0
BRF:3
BRH:2
end_of_record
